[debug] > Exec(reload, None, None)
[debug] > Exec(sbtStashOnFailure, None, None)
[debug] > Exec(onFailure loadFailed, None, None)
[debug] > Exec(loadp, None, None)
[info] welcome to sbt 1.4.3 (Oracle Corporation Java 16)
[debug]             Load.loadUnit: plugins took 47.2676ms
[debug]             Load.loadUnit: defsScala took 0.0045ms
[debug] [Loading] Scanning directory C:\Users\mabrogueirarodrigues\.sbt\1.0\plugins
[debug] [Loading] Found non-root projects 
[debug] [Loading] Done in C:\Users\mabrogueirarodrigues\.sbt\1.0\plugins, returning: ()
[debug] deducing auto plugins based on known facts Set(Atom(sbt.plugins.CorePlugin)) and clauses Clauses(List(Clause(Atom(sbt.plugins.JvmPlugin),Set(Atom(sbt.plugins.IvyPlugin))), Clause(Atom(sbt.ScriptedPlugin),Set(Atom(sbt.plugins.JvmPlugin))), Clause(Atom(sbt.plugins.SbtPlugin),Set(Atom(sbt.ScriptedPlugin))), Clause(Atom(sbt.plugins.SemanticdbPlugin),Set(Atom(sbt.plugins.JvmPlugin))), Clause(Atom(sbt.plugins.JUnitXmlReportPlugin),Set(Atom(sbt.plugins.JvmPlugin))), Clause(Atom(sbt.plugins.MiniDependencyTreePlugin),Set(Atom(sbt.plugins.JvmPlugin))), Clause(Atom(sbt.plugins.CorePlugin),Set(Atom(sbt.plugins.IvyPlugin))), Clause(Atom(sbt.plugins.IvyPlugin),Set(Atom(sbt.plugins.JvmPlugin))), Clause(Atom(sbt.plugins.JvmPlugin),Set(Atom(sbt.plugins.SemanticdbPlugin))), Clause(Atom(sbt.plugins.JvmPlugin),Set(Atom(sbt.plugins.JUnitXmlReportPlugin))), Clause(Atom(sbt.plugins.CorePlugin),Set(Atom(sbt.plugins.Giter8TemplatePlugin))), Clause(Atom(sbt.plugins.JvmPlugin),Set(Atom(sbt.plugins.MiniDependencyTreePlugin)))))
[debug]   :: deduced result: Matched(sbt.plugins.CorePlugin,sbt.plugins.Giter8TemplatePlugin,sbt.plugins.IvyPlugin,sbt.plugins.JvmPlugin,sbt.plugins.MiniDependencyTreePlugin,sbt.plugins.JUnitXmlReportPlugin,sbt.plugins.SemanticdbPlugin)
[debug] Plugins.deducer#function took 2.7551 ms
[debug]                 Load.resolveProject(global-plugins) took 2.3446ms
[debug]               Load.loadTransitive: finalizeProject(Project(id global-plugins, base: C:\Users\mabrogueirarodrigues\.sbt\1.0\plugins, plugins: List(<none>))) took 5.9657ms
[debug] [Loading] Done in C:\Users\mabrogueirarodrigues\.sbt\1.0\plugins, returning: (global-plugins)
[debug]             Load.loadUnit: loadedProjectsRaw took 8.4352ms
[debug]             Load.loadUnit: cleanEvalClasses took 0.0164ms
[debug]           Load.loadUnit(file:/C:/Users/mabrogueirarodrigues/.sbt/1.0/plugins/, ...) took 58.4845ms
[debug]         Load.apply: load took 61.3756ms
[debug]         Load.apply: resolveProjects took 0.1928ms
[debug]         Load.apply: finalTransforms took 15.9451ms
[debug]         Load.apply: config.delegates took 0.529ms
[debug]         Load.apply: Def.make(settings)... took 178.999ms
[debug]         Load.apply: structureIndex took 46.7058ms
[debug]         Load.apply: mkStreams took 0.0039ms
[info] loading global plugins from C:\Users\mabrogueirarodrigues\.sbt\1.0\plugins
[debug] Running task... Cancel: Signal, check cycles: false, forcegc: true
[debug] Forcing garbage collection...
[debug]       Load.defaultLoad until apply took 1971.845ms
[debug]                 Load.loadUnit: plugins took 80.3253ms
[debug]                 Load.loadUnit: defsScala took 0.0066ms
[debug] [Loading] Scanning directory C:\Users\mabrogueirarodrigues\Desktop\Scala\recfun\project
[debug]                   Load.loadUnit: mkEval took 2.4002ms
