[debug] > Exec(early(addDefaultCommands), None, None)
[debug] > Exec(addDefaultCommands, None, None)
[debug] > Exec(early(initialize), None, None)
[debug] > Exec(initialize, None, None)
[debug] > Exec(early(addPluginSbtFile="""C:\Users\mabrogueirarodrigues\AppData\Local\Temp\idea533.sbt"""), None, None)
[debug] > Exec(addPluginSbtFile="""C:\Users\mabrogueirarodrigues\AppData\Local\Temp\idea533.sbt""", None, None)
[debug] > Exec(boot, None, None)
[debug] > Exec(writeSbtVersion, None, None)
[debug] > Exec(reload, None, None)
[debug] > Exec(sbtStashOnFailure, None, None)
[debug] > Exec(onFailure loadFailed, None, None)
[debug] > Exec(loadp, None, None)
[info] welcome to sbt 1.4.3 (Oracle Corporation Java 16)
[debug]       Load.loadUnit: plugins took 209.5032ms
[debug]       Load.loadUnit: defsScala took 0.7772ms
[debug] [Loading] Scanning directory C:\Users\mabrogueirarodrigues\.sbt\1.0\plugins
[debug] [Loading] Found non-root projects 
[debug] [Loading] Done in C:\Users\mabrogueirarodrigues\.sbt\1.0\plugins, returning: ()
[debug] deducing auto plugins based on known facts Set(Atom(sbt.plugins.CorePlugin)) and clauses Clauses(List(Clause(Atom(sbt.plugins.JvmPlugin),Set(Atom(sbt.plugins.IvyPlugin))), Clause(Atom(sbt.ScriptedPlugin),Set(Atom(sbt.plugins.JvmPlugin))), Clause(Atom(sbt.plugins.SbtPlugin),Set(Atom(sbt.ScriptedPlugin))), Clause(Atom(sbt.plugins.SemanticdbPlugin),Set(Atom(sbt.plugins.JvmPlugin))), Clause(Atom(sbt.plugins.JUnitXmlReportPlugin),Set(Atom(sbt.plugins.JvmPlugin))), Clause(Atom(sbt.plugins.MiniDependencyTreePlugin),Set(Atom(sbt.plugins.JvmPlugin))), Clause(Atom(sbt.plugins.CorePlugin),Set(Atom(sbt.plugins.IvyPlugin))), Clause(Atom(sbt.plugins.IvyPlugin),Set(Atom(sbt.plugins.JvmPlugin))), Clause(Atom(sbt.plugins.JvmPlugin),Set(Atom(sbt.plugins.SemanticdbPlugin))), Clause(Atom(sbt.plugins.JvmPlugin),Set(Atom(sbt.plugins.JUnitXmlReportPlugin))), Clause(Atom(sbt.plugins.CorePlugin),Set(Atom(sbt.plugins.Giter8TemplatePlugin))), Clause(Atom(sbt.plugins.JvmPlugin),Set(Atom(sbt.plugins.MiniDependencyTreePlugin)))))
[debug]   :: deduced result: Matched(sbt.plugins.CorePlugin,sbt.plugins.Giter8TemplatePlugin,sbt.plugins.IvyPlugin,sbt.plugins.JvmPlugin,sbt.plugins.MiniDependencyTreePlugin,sbt.plugins.JUnitXmlReportPlugin,sbt.plugins.SemanticdbPlugin)
[debug] Plugins.deducer#function took 55.7896 ms
[debug]           Load.resolveProject(global-plugins) took 107.8559ms
[debug]         Load.loadTransitive: finalizeProject(Project(id global-plugins, base: C:\Users\mabrogueirarodrigues\.sbt\1.0\plugins, plugins: List(<none>))) took 217.5501ms
[debug] [Loading] Done in C:\Users\mabrogueirarodrigues\.sbt\1.0\plugins, returning: (global-plugins)
[debug]       Load.loadUnit: loadedProjectsRaw took 292.8057ms
[debug]       Load.loadUnit: cleanEvalClasses took 0.5882ms
[debug]     Load.loadUnit(file:/C:/Users/mabrogueirarodrigues/.sbt/1.0/plugins/, ...) took 543.8875ms
[debug]   Load.apply: load took 971.9692ms
[debug]   Load.apply: resolveProjects took 13.3252ms
[debug]   Load.apply: finalTransforms took 189.1999ms
[debug]   Load.apply: config.delegates took 19.7889ms
[debug]   Load.apply: Def.make(settings)... took 3844.8099ms
[debug]   Load.apply: structureIndex took 268.1265ms
[debug]   Load.apply: mkStreams took 2.7177ms
[info] loading global plugins from C:\Users\mabrogueirarodrigues\.sbt\1.0\plugins
[debug] Running task... Cancel: Signal, check cycles: false, forcegc: true
[debug] Load.defaultLoad until apply took 18067.3776ms
[debug]           Load.loadUnit: plugins took 160.7873ms
[debug]           Load.loadUnit: defsScala took 0.005ms
[debug] [Loading] Scanning directory C:\Users\mabrogueirarodrigues\Desktop\Scala\recfun\project
[debug]             Load.loadUnit: mkEval took 15.4689ms
[debug] [Loading] Found non-root projects 
[debug] [Loading] Done in C:\Users\mabrogueirarodrigues\Desktop\Scala\recfun\project, returning: ()
[debug] deducing auto plugins based on known facts Set(Atom(sbt.plugins.CorePlugin)) and clauses Clauses(List(Clause(Atom(sbt.plugins.JvmPlugin),Set(Atom(sbt.plugins.IvyPlugin))), Clause(Atom(sbt.ScriptedPlugin),Set(Atom(sbt.plugins.JvmPlugin))), Clause(Atom(sbt.plugins.SbtPlugin),Set(Atom(sbt.ScriptedPlugin))), Clause(Atom(sbt.plugins.SemanticdbPlugin),Set(Atom(sbt.plugins.JvmPlugin))), Clause(Atom(sbt.plugins.JUnitXmlReportPlugin),Set(Atom(sbt.plugins.JvmPlugin))), Clause(Atom(sbt.plugins.MiniDependencyTreePlugin),Set(Atom(sbt.plugins.JvmPlugin))), Clause(Atom(sbt.plugins.CorePlugin),Set(Atom(sbt.plugins.IvyPlugin))), Clause(Atom(sbt.plugins.IvyPlugin),Set(Atom(sbt.plugins.JvmPlugin))), Clause(Atom(sbt.plugins.JvmPlugin),Set(Atom(sbt.plugins.SemanticdbPlugin))), Clause(Atom(sbt.plugins.JvmPlugin),Set(Atom(sbt.plugins.JUnitXmlReportPlugin))), Clause(Atom(sbt.plugins.CorePlugin),Set(Atom(sbt.plugins.Giter8TemplatePlugin))), Clause(Atom(sbt.plugins.JvmPlugin),Set(Atom(sbt.plugins.MiniDependencyTreePlugin)))))
[debug]   :: deduced result: Matched(sbt.plugins.CorePlugin,sbt.plugins.Giter8TemplatePlugin,sbt.plugins.IvyPlugin,sbt.plugins.JvmPlugin,sbt.plugins.MiniDependencyTreePlugin,sbt.plugins.JUnitXmlReportPlugin,sbt.plugins.SemanticdbPlugin)
[debug] Plugins.deducer#function took 5.1888 ms
[info] loading settings for project recfun-build from buildSettings.sbt,plugins.sbt,idea533.sbt ...
[debug]               Load.resolveProject(recfun-build) took 16.9535ms
[debug]             Load.loadTransitive: finalizeProject(Project(id recfun-build, base: C:\Users\mabrogueirarodrigues\Desktop\Scala\recfun\project, plugins: List(<none>))) took 23.0733ms
[debug] [Loading] Done in C:\Users\mabrogueirarodrigues\Desktop\Scala\recfun\project, returning: (recfun-build)
[debug]           Load.loadUnit: loadedProjectsRaw took 717.3229ms
[debug]           Load.loadUnit: cleanEvalClasses took 257.9845ms
[debug]         Load.loadUnit(file:/C:/Users/mabrogueirarodrigues/Desktop/Scala/recfun/project/, ...) took 1141.1371ms
[debug]       Load.apply: load took 1155.6834ms
[debug]       Load.apply: resolveProjects took 0.2077ms
[debug]       Load.apply: finalTransforms took 42.6055ms
[debug]       Load.apply: config.delegates took 4.943ms
[debug]       Load.apply: Def.make(settings)... took 554.0882ms
[debug]       Load.apply: structureIndex took 80.953ms
[debug]       Load.apply: mkStreams took 0.0029ms
[info] loading project definition from C:\Users\mabrogueirarodrigues\Desktop\Scala\recfun\project
[debug] Running task... Cancel: Signal, check cycles: false, forcegc: true
[info] compiling 2 Scala sources to C:\Users\mabrogueirarodrigues\Desktop\Scala\recfun\project\target\scala-2.12\sbt-1.0\classes ...
[error] C:\Users\mabrogueirarodrigues\Desktop\Scala\recfun\project\StudentTasks.scala:138:11: object tools is not a member of package scala
[error]     scala.tools.nsc.io.File(path).writeAll(base64Jar)
[error]           ^
[error] one error found
[error] (Compile / compileIncremental) Compilation failed
[debug] > Exec(loadFailed, None, None)
[warn] Project loading failed: (r)etry, (q)uit, (l)ast, or (i)gnore? (default: r)
